app/build/intermediates/manifest_merge_blame_file/debug/manifest-merger-blame-debug-report.txt
1<?xml version="1.0" encoding="utf-8"?>
2<manifest xmlns:android="http://schemas.android.com/apk/res/android"
3    package="weiner.noah.noshake.posenet.test"
4    android:versionCode="1"
5    android:versionName="1.0" >
6
7    <uses-sdk
8        android:minSdkVersion="24"
8-->src/main/AndroidManifest.xml
9        android:targetSdkVersion="30" />
9-->src/main/AndroidManifest.xml
10
11    <uses-permission android:name="android.permission.CAMERA" />
11-->src/main/AndroidManifest.xml:6:5-65
11-->src/main/AndroidManifest.xml:6:22-62
12
13    <uses-feature android:name="android.hardware.camera" />
13-->src/main/AndroidManifest.xml:8:5-60
13-->src/main/AndroidManifest.xml:8:19-57
14    <uses-feature android:name="android.hardware.camera.autofocus" />
14-->src/main/AndroidManifest.xml:9:5-70
14-->src/main/AndroidManifest.xml:9:19-67
15
16    <application
16-->src/main/AndroidManifest.xml:11:5-30:19
17        android:allowBackup="true"
17-->src/main/AndroidManifest.xml:12:9-35
18        android:appComponentFactory="androidx.core.app.CoreComponentFactory"
18-->[androidx.core:core:1.1.0] AndroidManifest.xml:24:18-86
19        android:debuggable="true"
20        android:extractNativeLibs="false"
21        android:icon="@mipmap/ic_launcher"
21-->src/main/AndroidManifest.xml:13:9-43
22        android:label="PoseNet"
22-->src/main/AndroidManifest.xml:14:9-32
23        android:roundIcon="@mipmap/ic_launcher_round"
23-->src/main/AndroidManifest.xml:15:9-54
24        android:supportsRtl="true"
24-->src/main/AndroidManifest.xml:16:9-35
25        android:testOnly="true"
26        android:theme="@style/AppTheme.Posenet" >
26-->src/main/AndroidManifest.xml:17:9-48
27        <activity
27-->src/main/AndroidManifest.xml:21:9-28:20
28            android:name="weiner.noah.noshake.posenet.test.CameraActivity"
28-->src/main/AndroidManifest.xml:21:19-49
29            android:exported="true"
29-->src/main/AndroidManifest.xml:22:13-36
30            android:screenOrientation="sensorLandscape" > <!-- locks to either landscape or reverse landscape based on rotation -->
30-->src/main/AndroidManifest.xml:23:13-56
31            <intent-filter>
31-->src/main/AndroidManifest.xml:24:13-27:29
32                <action android:name="android.intent.action.MAIN" />
32-->src/main/AndroidManifest.xml:25:17-68
32-->src/main/AndroidManifest.xml:25:25-66
33
34                <category android:name="android.intent.category.LAUNCHER" />
34-->src/main/AndroidManifest.xml:26:17-77
34-->src/main/AndroidManifest.xml:26:27-74
35            </intent-filter>
36        </activity>
37    </application>
38
39</manifest>